<?xml version="1.0" encoding="UTF-8"?>
<!-- Generated by org.testng.reporters.JUnitReportReporter -->
<testsuite hostname="LAPTOP-8DMJNPKO" failures="0" tests="2" name="ecommerce.batch8Testng.NewTest" time="39.918" errors="0" timestamp="2023-12-03T10:10:55 EST" skipped="0">
  <testcase classname="ecommerce.batch8Testng.NewTest" name="Test2" time="18.897"/>
  <system-out/>
  <testcase classname="ecommerce.batch8Testng.NewTest" name="Test1" time="21.021"/>
  <system-out/>
</testsuite> <!-- ecommerce.batch8Testng.NewTest -->
