<?xml version="1.0" encoding="UTF-8"?>
<!-- Generated by org.testng.reporters.JUnitReportReporter -->
<testsuite hostname="LAPTOP-8DMJNPKO" failures="0" tests="2" name="ecommerce.batch8Testng.NewTestdp" time="40.473" errors="0" timestamp="2023-12-03T09:55:24 EST" skipped="0">
  <testcase classname="ecommerce.batch8Testng.NewTestdp" name="f" time="22.005"/>
  <system-out/>
  <testcase classname="ecommerce.batch8Testng.NewTestdp" name="f" time="18.468"/>
  <system-out/>
</testsuite> <!-- ecommerce.batch8Testng.NewTestdp -->
